Arguments: 
  /usr/local/bin/node /usr/local/bin/yarn init

PATH: 
  /opt/local/bin:/opt/local/sbin:/Users/andre/.rvm/gems/ruby-2.3.0/bin:/Users/andre/.rvm/gems/ruby-2.3.0@global/bin:/Users/andre/.rvm/rubies/ruby-2.3.0/bin:/opt/local/bin:/opt/local/sbin:/usr/local/bin:/usr/local/ant/bin:/usr/local/mvn/bin:/usr/local/mysql/bin:/usr/local/maven/bin:/usr/local/subversion/bin:/usr/local/segmenter/:/usr/local/bin:/usr/bin:/bin:/usr/sbin:/sbin:/usr/local/MacGPG2/bin:/Users/andre/.rvm/bin

Yarn version: 
  0.17.10

Node version: 
  6.2.1

Platform: 
  darwin x64

npm manifest: 
  {
    "name": "gulp-boiler",
    "version": "0.0.1",
    "description": "Gulp Boiler(plate)",
    "main": "gulpfile.babel.js",
    "scripts": {
      "test": "gulp test"
    },
    "repository": {
      "type": "git",
      "url": "https://github.com/elfuego/gulp-boiler.git"
    },
    "author": "André van Toly",
    "license": "MIT",
    "devDependencies": {
      "babel": "^6.5.2",
      "babel-core": "^6.8.0",
      "babel-preset-es2015": "^6.6.0",
      "babel-register": "^6.9.0",
      "browser-sync": "^2.12.10",
      "del": "~1.2.0",
      "gulp": "^3.9.1",
      "gulp-autoprefixer": "^3.1.0",
      "gulp-babel": "^6.1.2",
      "gulp-concat": "^2.6.0",
      "gulp-copy": "^0.0.2",
      "gulp-iconfont": "^8.0.1",
      "gulp-iconfont-css": "^2.1.0",
      "gulp-jsbeautifier": "~2.0.3",
      "gulp-jshint": "^2.0.1",
      "gulp-less": "^3.1.0",
      "gulp-notify": "^2.2.0",
      "gulp-pug": "^3.0.2",
      "gulp-sourcemaps": "^1.6.0",
      "gulp-uglify": "^1.5.3",
      "jshint-stylish": "^2.2.0"
    },
    "babel": {
      "presets": [
        "es2015"
      ]
    },
    "dependencies": {
      "jshint": "^2.9.4"
    }
  }

yarn manifest: 
  No manifest

Lockfile: 
  No lockfile

Trace: 
  TypeError: Cannot convert object to primitive value
      at Object.<anonymous> (/usr/local/Cellar/yarn/0.17.10/libexec/lib/node_modules/yarn/lib/cli/commands/init.js:93:27)
      at next (native)
      at step (/usr/local/Cellar/yarn/0.17.10/libexec/lib/node_modules/yarn/node_modules/babel-runtime/helpers/asyncToGenerator.js:17:30)
      at /usr/local/Cellar/yarn/0.17.10/libexec/lib/node_modules/yarn/node_modules/babel-runtime/helpers/asyncToGenerator.js:28:13
      at run (/usr/local/Cellar/yarn/0.17.10/libexec/lib/node_modules/yarn/node_modules/core-js/library/modules/es6.promise.js:87:22)
      at /usr/local/Cellar/yarn/0.17.10/libexec/lib/node_modules/yarn/node_modules/core-js/library/modules/es6.promise.js:100:28
      at flush (/usr/local/Cellar/yarn/0.17.10/libexec/lib/node_modules/yarn/node_modules/core-js/library/modules/_microtask.js:18:9)
      at _combinedTickCallback (internal/process/next_tick.js:67:7)
      at process._tickCallback (internal/process/next_tick.js:98:9)
